nproc is 4
cnode0616.cm.cluster
cnode0616.cm.cluster
cnode0616.cm.cluster
cnode0616.cm.cluster
make -C ./2024_07_10_19_17_52/reproductionProp_0.0/ || true 
make[1]: Entering directory `/mnt/lustre/users/fredelinghuys/Pools/MemoryPool/Pool4/2024_07_10_19_17_52/reproductionProp_0.0'
java -jar GA.jar >> log.txt
make[1]: Leaving directory `/mnt/lustre/users/fredelinghuys/Pools/MemoryPool/Pool4/2024_07_10_19_17_52/reproductionProp_0.0'
make -C ./2024_07_10_19_17_52/reproductionProp_0.25/ || true 
make[1]: Entering directory `/mnt/lustre/users/fredelinghuys/Pools/MemoryPool/Pool4/2024_07_10_19_17_52/reproductionProp_0.25'
java -jar GA.jar >> log.txt
make[1]: Leaving directory `/mnt/lustre/users/fredelinghuys/Pools/MemoryPool/Pool4/2024_07_10_19_17_52/reproductionProp_0.25'
make -C ./2024_07_10_19_17_52/reproductionProp_0.75/ || true 
make[1]: Entering directory `/mnt/lustre/users/fredelinghuys/Pools/MemoryPool/Pool4/2024_07_10_19_17_52/reproductionProp_0.75'
java -jar GA.jar >> log.txt
make[1]: Leaving directory `/mnt/lustre/users/fredelinghuys/Pools/MemoryPool/Pool4/2024_07_10_19_17_52/reproductionProp_0.75'
make -C ./2024_07_10_19_17_52/reproductionProp_1.0/ || true 
make[1]: Entering directory `/mnt/lustre/users/fredelinghuys/Pools/MemoryPool/Pool4/2024_07_10_19_17_52/reproductionProp_1.0'
java -jar GA.jar >> log.txt
make[1]: Leaving directory `/mnt/lustre/users/fredelinghuys/Pools/MemoryPool/Pool4/2024_07_10_19_17_52/reproductionProp_1.0'
make -C ./2024_07_10_19_17_52/crossoverProp_0.0/ || true 
make[1]: Entering directory `/mnt/lustre/users/fredelinghuys/Pools/MemoryPool/Pool4/2024_07_10_19_17_52/crossoverProp_0.0'
java -jar GA.jar >> log.txt
make[1]: Leaving directory `/mnt/lustre/users/fredelinghuys/Pools/MemoryPool/Pool4/2024_07_10_19_17_52/crossoverProp_0.0'
make -C ./2024_07_10_19_17_52/crossoverProp_0.25/ || true 
make[1]: Entering directory `/mnt/lustre/users/fredelinghuys/Pools/MemoryPool/Pool4/2024_07_10_19_17_52/crossoverProp_0.25'
java -jar GA.jar >> log.txt
make[1]: Leaving directory `/mnt/lustre/users/fredelinghuys/Pools/MemoryPool/Pool4/2024_07_10_19_17_52/crossoverProp_0.25'
make -C ./2024_07_10_19_17_52/crossoverProp_0.75/ || true 
make[1]: Entering directory `/mnt/lustre/users/fredelinghuys/Pools/MemoryPool/Pool4/2024_07_10_19_17_52/crossoverProp_0.75'
java -jar GA.jar >> log.txt
make[1]: Leaving directory `/mnt/lustre/users/fredelinghuys/Pools/MemoryPool/Pool4/2024_07_10_19_17_52/crossoverProp_0.75'
make -C ./2024_07_10_19_17_52/crossoverProp_1.0/ || true 
make[1]: Entering directory `/mnt/lustre/users/fredelinghuys/Pools/MemoryPool/Pool4/2024_07_10_19_17_52/crossoverProp_1.0'
java -jar GA.jar >> log.txt
make[1]: Leaving directory `/mnt/lustre/users/fredelinghuys/Pools/MemoryPool/Pool4/2024_07_10_19_17_52/crossoverProp_1.0'
make -C ./2024_07_10_19_17_52/mutationType_SingleBitInversion/ || true 
make[1]: Entering directory `/mnt/lustre/users/fredelinghuys/Pools/MemoryPool/Pool4/2024_07_10_19_17_52/mutationType_SingleBitInversion'
java -jar GA.jar >> log.txt
make[1]: Leaving directory `/mnt/lustre/users/fredelinghuys/Pools/MemoryPool/Pool4/2024_07_10_19_17_52/mutationType_SingleBitInversion'
make -C ./2024_07_10_19_17_52/mutationType_RandomInversion/ || true 
make[1]: Entering directory `/mnt/lustre/users/fredelinghuys/Pools/MemoryPool/Pool4/2024_07_10_19_17_52/mutationType_RandomInversion'
java -jar GA.jar >> log.txt
make[1]: Leaving directory `/mnt/lustre/users/fredelinghuys/Pools/MemoryPool/Pool4/2024_07_10_19_17_52/mutationType_RandomInversion'
make -C ./2024_07_10_19_17_52/populationSize_25/ || true 
make[1]: Entering directory `/mnt/lustre/users/fredelinghuys/Pools/MemoryPool/Pool4/2024_07_10_19_17_52/populationSize_25'
java -jar GA.jar >> log.txt
make[1]: Leaving directory `/mnt/lustre/users/fredelinghuys/Pools/MemoryPool/Pool4/2024_07_10_19_17_52/populationSize_25'
make -C ./2024_07_10_19_17_52/populationSize_75/ || true 
make[1]: Entering directory `/mnt/lustre/users/fredelinghuys/Pools/MemoryPool/Pool4/2024_07_10_19_17_52/populationSize_75'
java -jar GA.jar >> log.txt
make[1]: Leaving directory `/mnt/lustre/users/fredelinghuys/Pools/MemoryPool/Pool4/2024_07_10_19_17_52/populationSize_75'
make -C ./2024_07_10_19_17_52/populationSize_100/ || true 
make[1]: Entering directory `/mnt/lustre/users/fredelinghuys/Pools/MemoryPool/Pool4/2024_07_10_19_17_52/populationSize_100'
java -jar GA.jar >> log.txt
make[1]: Leaving directory `/mnt/lustre/users/fredelinghuys/Pools/MemoryPool/Pool4/2024_07_10_19_17_52/populationSize_100'
make -C ./2024_07_10_19_17_52/populationSize_125/ || true 
make[1]: Entering directory `/mnt/lustre/users/fredelinghuys/Pools/MemoryPool/Pool4/2024_07_10_19_17_52/populationSize_125'
java -jar GA.jar >> log.txt
make[1]: Leaving directory `/mnt/lustre/users/fredelinghuys/Pools/MemoryPool/Pool4/2024_07_10_19_17_52/populationSize_125'
make -C ./2024_07_10_19_17_52/populationSize_150/ || true 
make[1]: Entering directory `/mnt/lustre/users/fredelinghuys/Pools/MemoryPool/Pool4/2024_07_10_19_17_52/populationSize_150'
java -jar GA.jar >> log.txt
make[1]: Leaving directory `/mnt/lustre/users/fredelinghuys/Pools/MemoryPool/Pool4/2024_07_10_19_17_52/populationSize_150'
make -C ./2024_07_10_19_17_52/numGenerations_25/ || true 
make[1]: Entering directory `/mnt/lustre/users/fredelinghuys/Pools/MemoryPool/Pool4/2024_07_10_19_17_52/numGenerations_25'
java -jar GA.jar >> log.txt
make[1]: Leaving directory `/mnt/lustre/users/fredelinghuys/Pools/MemoryPool/Pool4/2024_07_10_19_17_52/numGenerations_25'
make -C ./2024_07_10_19_17_52/numGenerations_75/ || true 
make[1]: Entering directory `/mnt/lustre/users/fredelinghuys/Pools/MemoryPool/Pool4/2024_07_10_19_17_52/numGenerations_75'
java -jar GA.jar >> log.txt
make[1]: Leaving directory `/mnt/lustre/users/fredelinghuys/Pools/MemoryPool/Pool4/2024_07_10_19_17_52/numGenerations_75'
make -C ./2024_07_10_19_17_52/numGenerations_100/ || true 
make[1]: Entering directory `/mnt/lustre/users/fredelinghuys/Pools/MemoryPool/Pool4/2024_07_10_19_17_52/numGenerations_100'
java -jar GA.jar >> log.txt
make[1]: Leaving directory `/mnt/lustre/users/fredelinghuys/Pools/MemoryPool/Pool4/2024_07_10_19_17_52/numGenerations_100'
make -C ./2024_07_10_19_17_52/numGenerations_150/ || true 
make[1]: Entering directory `/mnt/lustre/users/fredelinghuys/Pools/MemoryPool/Pool4/2024_07_10_19_17_52/numGenerations_150'
java -jar GA.jar >> log.txt
make[1]: Leaving directory `/mnt/lustre/users/fredelinghuys/Pools/MemoryPool/Pool4/2024_07_10_19_17_52/numGenerations_150'
make -C ./2024_07_10_19_17_52/crossOverType_UniformedCrossOver/ || true 
make[1]: Entering directory `/mnt/lustre/users/fredelinghuys/Pools/MemoryPool/Pool4/2024_07_10_19_17_52/crossOverType_UniformedCrossOver'
java -jar GA.jar >> log.txt
make[1]: Leaving directory `/mnt/lustre/users/fredelinghuys/Pools/MemoryPool/Pool4/2024_07_10_19_17_52/crossOverType_UniformedCrossOver'
make -C ./2024_07_10_19_17_52/crossOverType_NPointCrossOver/ || true 
make[1]: Entering directory `/mnt/lustre/users/fredelinghuys/Pools/MemoryPool/Pool4/2024_07_10_19_17_52/crossOverType_NPointCrossOver'
java -jar GA.jar >> log.txt
make[1]: Leaving directory `/mnt/lustre/users/fredelinghuys/Pools/MemoryPool/Pool4/2024_07_10_19_17_52/crossOverType_NPointCrossOver'
make -C ./2024_07_10_19_17_52/crossOverType_SegmentedCrossOver/ || true 
make[1]: Entering directory `/mnt/lustre/users/fredelinghuys/Pools/MemoryPool/Pool4/2024_07_10_19_17_52/crossOverType_SegmentedCrossOver'
java -jar GA.jar >> log.txt
make[1]: Leaving directory `/mnt/lustre/users/fredelinghuys/Pools/MemoryPool/Pool4/2024_07_10_19_17_52/crossOverType_SegmentedCrossOver'
make -C ./2024_07_10_19_17_52/mutationProp_0.0/ || true 
make[1]: Entering directory `/mnt/lustre/users/fredelinghuys/Pools/MemoryPool/Pool4/2024_07_10_19_17_52/mutationProp_0.0'
java -jar GA.jar >> log.txt
make[1]: Leaving directory `/mnt/lustre/users/fredelinghuys/Pools/MemoryPool/Pool4/2024_07_10_19_17_52/mutationProp_0.0'
make -C ./2024_07_10_19_17_52/mutationProp_0.25/ || true 
make[1]: Entering directory `/mnt/lustre/users/fredelinghuys/Pools/MemoryPool/Pool4/2024_07_10_19_17_52/mutationProp_0.25'
java -jar GA.jar >> log.txt
make[1]: Leaving directory `/mnt/lustre/users/fredelinghuys/Pools/MemoryPool/Pool4/2024_07_10_19_17_52/mutationProp_0.25'
make -C ./2024_07_10_19_17_52/mutationProp_0.75/ || true 
make[1]: Entering directory `/mnt/lustre/users/fredelinghuys/Pools/MemoryPool/Pool4/2024_07_10_19_17_52/mutationProp_0.75'
java -jar GA.jar >> log.txt
make[1]: Leaving directory `/mnt/lustre/users/fredelinghuys/Pools/MemoryPool/Pool4/2024_07_10_19_17_52/mutationProp_0.75'
make -C ./2024_07_10_19_17_52/mutationProp_1.0/ || true 
make[1]: Entering directory `/mnt/lustre/users/fredelinghuys/Pools/MemoryPool/Pool4/2024_07_10_19_17_52/mutationProp_1.0'
java -jar GA.jar >> log.txt
make[1]: Leaving directory `/mnt/lustre/users/fredelinghuys/Pools/MemoryPool/Pool4/2024_07_10_19_17_52/mutationProp_1.0'
make -C ./2024_07_10_19_17_52/selectionMethod_RouletteSelection/ || true 
make[1]: Entering directory `/mnt/lustre/users/fredelinghuys/Pools/MemoryPool/Pool4/2024_07_10_19_17_52/selectionMethod_RouletteSelection'
java -jar GA.jar >> log.txt
make[1]: Leaving directory `/mnt/lustre/users/fredelinghuys/Pools/MemoryPool/Pool4/2024_07_10_19_17_52/selectionMethod_RouletteSelection'
make -C ./2024_07_10_19_17_52/selectionMethod_StochasticUniversalSampling/ || true 
make[1]: Entering directory `/mnt/lustre/users/fredelinghuys/Pools/MemoryPool/Pool4/2024_07_10_19_17_52/selectionMethod_StochasticUniversalSampling'
java -jar GA.jar >> log.txt
make[1]: Leaving directory `/mnt/lustre/users/fredelinghuys/Pools/MemoryPool/Pool4/2024_07_10_19_17_52/selectionMethod_StochasticUniversalSampling'
make -C ./2024_07_10_19_17_52/selectionMethod_ExponentialRankSelection/ || true 
make[1]: Entering directory `/mnt/lustre/users/fredelinghuys/Pools/MemoryPool/Pool4/2024_07_10_19_17_52/selectionMethod_ExponentialRankSelection'
java -jar GA.jar >> log.txt
make[1]: Leaving directory `/mnt/lustre/users/fredelinghuys/Pools/MemoryPool/Pool4/2024_07_10_19_17_52/selectionMethod_ExponentialRankSelection'
make -C ./2024_07_10_19_17_52/selectionMethod_TruncationSelection/ || true 
make[1]: Entering directory `/mnt/lustre/users/fredelinghuys/Pools/MemoryPool/Pool4/2024_07_10_19_17_52/selectionMethod_TruncationSelection'
java -jar GA.jar >> log.txt
make[1]: Leaving directory `/mnt/lustre/users/fredelinghuys/Pools/MemoryPool/Pool4/2024_07_10_19_17_52/selectionMethod_TruncationSelection'
make -C ./2024_07_10_19_17_52/selectionMethod_LinearRankSelection/ || true 
make[1]: Entering directory `/mnt/lustre/users/fredelinghuys/Pools/MemoryPool/Pool4/2024_07_10_19_17_52/selectionMethod_LinearRankSelection'
java -jar GA.jar >> log.txt
make[1]: Leaving directory `/mnt/lustre/users/fredelinghuys/Pools/MemoryPool/Pool4/2024_07_10_19_17_52/selectionMethod_LinearRankSelection'
make -C ./2024_07_10_19_17_52/tournamentSize_1/ || true 
make[1]: Entering directory `/mnt/lustre/users/fredelinghuys/Pools/MemoryPool/Pool4/2024_07_10_19_17_52/tournamentSize_1'
java -jar GA.jar >> log.txt
make[1]: Leaving directory `/mnt/lustre/users/fredelinghuys/Pools/MemoryPool/Pool4/2024_07_10_19_17_52/tournamentSize_1'
make -C ./2024_07_10_19_17_52/tournamentSize_5/ || true 
make[1]: Entering directory `/mnt/lustre/users/fredelinghuys/Pools/MemoryPool/Pool4/2024_07_10_19_17_52/tournamentSize_5'
java -jar GA.jar >> log.txt
make[1]: Leaving directory `/mnt/lustre/users/fredelinghuys/Pools/MemoryPool/Pool4/2024_07_10_19_17_52/tournamentSize_5'
make -C ./2024_07_10_19_17_52/tournamentSize_10/ || true 
make[1]: Entering directory `/mnt/lustre/users/fredelinghuys/Pools/MemoryPool/Pool4/2024_07_10_19_17_52/tournamentSize_10'
java -jar GA.jar >> log.txt
make[1]: Leaving directory `/mnt/lustre/users/fredelinghuys/Pools/MemoryPool/Pool4/2024_07_10_19_17_52/tournamentSize_10'
make -C ./2024_07_10_19_17_52/default_/ || true 
make[1]: Entering directory `/mnt/lustre/users/fredelinghuys/Pools/MemoryPool/Pool4/2024_07_10_19_17_52/default_'
java -jar GA.jar >> log.txt
make[1]: Leaving directory `/mnt/lustre/users/fredelinghuys/Pools/MemoryPool/Pool4/2024_07_10_19_17_52/default_'
